<?xml version="1.0" encoding="UTF-8"?>
<!-- Generated by org.testng.reporters.JUnitReportReporter -->
<testsuite hostname="DESKTOP-IFREV8G" failures="0" tests="8" name="testcases.LoginPageTest" time="19.375" errors="0" timestamp="2025-07-06T11:57:14 IST" skipped="0">
  <testcase classname="testcases.LoginPageTest" name="Verify_pageTitle" time="2.493"/>
  <testcase classname="testcases.LoginPageTest" name="Verify_pageUrl" time="2.235"/>
  <testcase classname="testcases.LoginPageTest" name="Verify_userLoginSuccess" time="2.305"/>
  <testcase classname="testcases.LoginPageTest" name="Verify_loginWithCorrectUsernameIncorrectPassword" time="2.700"/>
  <testcase classname="testcases.LoginPageTest" name="Verify_loginWithIncorrectUsernameCorrectPassword" time="2.661"/>
  <testcase classname="testcases.LoginPageTest" name="Verify_loginWithEmptyUsername" time="1.675"/>
  <testcase classname="testcases.LoginPageTest" name="Verify_loginWithEmptyPassword" time="2.607"/>
  <testcase classname="testcases.LoginPageTest" name="Verify_loginWithEmptyUsernameAndPassword" time="2.699"/>
</testsuite> <!-- testcases.LoginPageTest -->
