<?xml version="1.0" encoding="UTF-8"?>
<!-- Generated by org.testng.reporters.JUnitReportReporter -->
<testsuite hostname="DESKTOP-IFREV8G" failures="0" tests="5" name="testcases.InventoryPageTest" time="15.504" errors="0" timestamp="2025-07-06T11:57:14 IST" skipped="0">
  <testcase classname="testcases.InventoryPageTest" name="verify_SortingByPriceLowToHigh" time="6.112"/>
  <testcase classname="testcases.InventoryPageTest" name="verify_TitleAndUrl" time="2.036"/>
  <testcase classname="testcases.InventoryPageTest" name="verify_SortingByNameZA" time="3.308"/>
  <testcase classname="testcases.InventoryPageTest" name="verify_SortingByPriceHighToLow" time="2.128"/>
  <testcase classname="testcases.InventoryPageTest" name="verify_SortingByNameAZ" time="1.920"/>
</testsuite> <!-- testcases.InventoryPageTest -->
